<?xml version="1.0" encoding="UTF-8"?>
<!-- Generated by org.testng.reporters.JUnitXMLReporter -->
<testsuite ignored="0" hostname="DESKTOP-SVQG98V" failures="0" tests="4" name="Test" time="1.233" errors="0" timestamp="2023-11-21T12:38:58 PST">
  <testcase classname="org.luma.ecommerce.tests.Base_Tests" name="@BeforeMethod launchApplication" time="0.004">
    <failure type="java.io.FileNotFoundException" message="C:\Selenium\LumaEcommerce\src\main\java\org\luma\ecommerce\resources\GlobalConfiguration.properties (The system cannot find the path specified)">
      <![CDATA[java.io.FileNotFoundException: C:\Selenium\LumaEcommerce\src\main\java\org\luma\ecommerce\resources\GlobalConfiguration.properties (The system cannot find the path specified)
at java.base/java.io.FileInputStream.open0(Native Method)
at java.base/java.io.FileInputStream.open(FileInputStream.java:211)
at java.base/java.io.FileInputStream.<init>(FileInputStream.java:153)
at java.base/java.io.FileInputStream.<init>(FileInputStream.java:108)
at org.luma.ecommerce.tests.Base_Tests.startDriver(Base_Tests.java:32)
at org.luma.ecommerce.tests.Base_Tests.launchApplication(Base_Tests.java:56)
at java.base/java.util.ArrayList.forEach(ArrayList.java:1511)
... Removed 31 stack frames]]>
    </failure>
  </testcase> <!-- @BeforeMethod launchApplication -->
  <testcase classname="org.luma.ecommerce.tests.Base_Tests" name="@AfterMethod tearDown" time="0.001">
    <failure type="java.lang.NullPointerException" message="Cannot invoke &amp;quot;org.openqa.selenium.WebDriver.quit()&amp;quot; because &amp;quot;this.driver&amp;quot; is null">
      <![CDATA[java.lang.NullPointerException: Cannot invoke "org.openqa.selenium.WebDriver.quit()" because "this.driver" is null
at org.luma.ecommerce.tests.Base_Tests.tearDown(Base_Tests.java:77)
at java.base/java.util.ArrayList.forEach(ArrayList.java:1511)
... Removed 32 stack frames]]>
    </failure>
  </testcase> <!-- @AfterMethod tearDown -->
  <testcase classname="org.luma.ecommerce.tests.Base_Tests" name="@BeforeMethod launchApplication" time="0.001">
    <failure type="java.io.FileNotFoundException" message="C:\Selenium\LumaEcommerce\src\main\java\org\luma\ecommerce\resources\GlobalConfiguration.properties (The system cannot find the path specified)">
      <![CDATA[java.io.FileNotFoundException: C:\Selenium\LumaEcommerce\src\main\java\org\luma\ecommerce\resources\GlobalConfiguration.properties (The system cannot find the path specified)
at java.base/java.io.FileInputStream.open0(Native Method)
at java.base/java.io.FileInputStream.open(FileInputStream.java:211)
at java.base/java.io.FileInputStream.<init>(FileInputStream.java:153)
at java.base/java.io.FileInputStream.<init>(FileInputStream.java:108)
at org.luma.ecommerce.tests.Base_Tests.startDriver(Base_Tests.java:32)
at org.luma.ecommerce.tests.Base_Tests.launchApplication(Base_Tests.java:56)
at java.base/java.util.ArrayList.forEach(ArrayList.java:1511)
... Removed 31 stack frames]]>
    </failure>
  </testcase> <!-- @BeforeMethod launchApplication -->
  <testcase classname="org.luma.ecommerce.tests.Base_Tests" name="@AfterMethod tearDown" time="0.001">
    <failure type="java.lang.NullPointerException" message="Cannot invoke &amp;quot;org.openqa.selenium.WebDriver.quit()&amp;quot; because &amp;quot;this.driver&amp;quot; is null">
      <![CDATA[java.lang.NullPointerException: Cannot invoke "org.openqa.selenium.WebDriver.quit()" because "this.driver" is null
at org.luma.ecommerce.tests.Base_Tests.tearDown(Base_Tests.java:77)
at java.base/java.util.ArrayList.forEach(ArrayList.java:1511)
... Removed 32 stack frames]]>
    </failure>
  </testcase> <!-- @AfterMethod tearDown -->
  <testcase classname="org.luma.ecommerce.tests.Base_Tests" name="@BeforeMethod launchApplication" time="0.001">
    <failure type="java.io.FileNotFoundException" message="C:\Selenium\LumaEcommerce\src\main\java\org\luma\ecommerce\resources\GlobalConfiguration.properties (The system cannot find the path specified)">
      <![CDATA[java.io.FileNotFoundException: C:\Selenium\LumaEcommerce\src\main\java\org\luma\ecommerce\resources\GlobalConfiguration.properties (The system cannot find the path specified)
at java.base/java.io.FileInputStream.open0(Native Method)
at java.base/java.io.FileInputStream.open(FileInputStream.java:211)
at java.base/java.io.FileInputStream.<init>(FileInputStream.java:153)
at java.base/java.io.FileInputStream.<init>(FileInputStream.java:108)
at org.luma.ecommerce.tests.Base_Tests.startDriver(Base_Tests.java:32)
at org.luma.ecommerce.tests.Base_Tests.launchApplication(Base_Tests.java:56)
at java.base/java.util.ArrayList.forEach(ArrayList.java:1511)
... Removed 31 stack frames]]>
    </failure>
  </testcase> <!-- @BeforeMethod launchApplication -->
  <testcase classname="org.luma.ecommerce.tests.Base_Tests" name="@AfterMethod tearDown" time="0.001">
    <failure type="java.lang.NullPointerException" message="Cannot invoke &amp;quot;org.openqa.selenium.WebDriver.quit()&amp;quot; because &amp;quot;this.driver&amp;quot; is null">
      <![CDATA[java.lang.NullPointerException: Cannot invoke "org.openqa.selenium.WebDriver.quit()" because "this.driver" is null
at org.luma.ecommerce.tests.Base_Tests.tearDown(Base_Tests.java:77)
at java.base/java.util.ArrayList.forEach(ArrayList.java:1511)
... Removed 32 stack frames]]>
    </failure>
  </testcase> <!-- @AfterMethod tearDown -->
  <testcase classname="org.luma.ecommerce.tests.Base_Tests" name="@BeforeMethod launchApplication" time="0.0">
    <failure type="java.io.FileNotFoundException" message="C:\Selenium\LumaEcommerce\src\main\java\org\luma\ecommerce\resources\GlobalConfiguration.properties (The system cannot find the path specified)">
      <![CDATA[java.io.FileNotFoundException: C:\Selenium\LumaEcommerce\src\main\java\org\luma\ecommerce\resources\GlobalConfiguration.properties (The system cannot find the path specified)
at java.base/java.io.FileInputStream.open0(Native Method)
at java.base/java.io.FileInputStream.open(FileInputStream.java:211)
at java.base/java.io.FileInputStream.<init>(FileInputStream.java:153)
at java.base/java.io.FileInputStream.<init>(FileInputStream.java:108)
at org.luma.ecommerce.tests.Base_Tests.startDriver(Base_Tests.java:32)
at org.luma.ecommerce.tests.Base_Tests.launchApplication(Base_Tests.java:56)
at java.base/java.util.ArrayList.forEach(ArrayList.java:1511)
... Removed 31 stack frames]]>
    </failure>
  </testcase> <!-- @BeforeMethod launchApplication -->
  <testcase classname="org.luma.ecommerce.tests.Base_Tests" name="@AfterMethod tearDown" time="0.0">
    <failure type="java.lang.NullPointerException" message="Cannot invoke &amp;quot;org.openqa.selenium.WebDriver.quit()&amp;quot; because &amp;quot;this.driver&amp;quot; is null">
      <![CDATA[java.lang.NullPointerException: Cannot invoke "org.openqa.selenium.WebDriver.quit()" because "this.driver" is null
at org.luma.ecommerce.tests.Base_Tests.tearDown(Base_Tests.java:77)
at java.base/java.util.ArrayList.forEach(ArrayList.java:1511)
... Removed 32 stack frames]]>
    </failure>
  </testcase> <!-- @AfterMethod tearDown -->
  <testcase classname="org.luma.ecommerce.testcases.Login" name="login" time="0.0">
    <skipped/>
  </testcase> <!-- login -->
  <testcase classname="org.luma.ecommerce.testcases.Login" name="login" time="0.0">
    <skipped/>
  </testcase> <!-- login -->
  <testcase classname="org.luma.ecommerce.testcases.Negative_Validation" name="loginNegative_Validation" time="0.0">
    <skipped/>
  </testcase> <!-- loginNegative_Validation -->
  <testcase classname="org.luma.ecommerce.testcases.E2EPurchase" name="purchaseFlow" time="0.0">
    <skipped/>
  </testcase> <!-- purchaseFlow -->
</testsuite> <!-- Test -->
