<html>
<head>
<title>TestNG:  Test</title>
<link href="../testng.css" rel="stylesheet" type="text/css" />
<link href="../my-testng.css" rel="stylesheet" type="text/css" />

<style type="text/css">
.log { display: none;} 
.stack-trace { display: none;} 
</style>
<script type="text/javascript">
<!--
function flip(e) {
  current = e.style.display;
  if (current == 'block') {
    e.style.display = 'none';
    return 0;
  }
  else {
    e.style.display = 'block';
    return 1;
  }
}

function toggleBox(szDivId, elem, msg1, msg2)
{
  var res = -1;  if (document.getElementById) {
    res = flip(document.getElementById(szDivId));
  }
  else if (document.all) {
    // this is the way old msie versions work
    res = flip(document.all[szDivId]);
  }
  if(elem) {
    if(res == 0) elem.innerHTML = msg1; else elem.innerHTML = msg2;
  }

}

function toggleAllBoxes() {
  if (document.getElementsByTagName) {
    d = document.getElementsByTagName('div');
    for (i = 0; i < d.length; i++) {
      if (d[i].className == 'log') {
        flip(d[i]);
      }
    }
  }
}

// -->
</script>

</head>
<body>
<h2 align='center'>Test</h2><table border='1' align="center">
<tr>
<td>Tests passed/Failed/Skipped:</td><td>5/0/1</td>
</tr><tr>
<td>Started on:</td><td>Mon Jan 22 17:15:21 PST 2024</td>
</tr>
<tr><td>Total time:</td><td>182 seconds (182991 ms)</td>
</tr><tr>
<td>Included groups:</td><td></td>
</tr><tr>
<td>Excluded groups:</td><td></td>
</tr>
</table><p/>
<small><i>(Hover the method name to see the test class name)</i></small><p/>
<table width='100%' border='1' class='invocation-passed'>
<tr><td colspan='4' align='center'><b>PASSED TESTS</b></td></tr>
<tr><td><b>Test method</b></td>
<td width="30%"><b>Exception</b></td>
<td width="10%"><b>Time (seconds)</b></td>
<td><b>Instance</b></td>
</tr>
<tr>
<td title='org.luma.ecommerce.testcases.Negative_Validation.loginNegative_Validation()'><b>loginNegative_Validation</b><br>Test class: org.luma.ecommerce.testcases.Negative_Validation</td>
<td></td>
<td>7</td>
<td>org.luma.ecommerce.testcases.Negative_Validation@e70f13a</td></tr>
<tr>
<td title='org.luma.ecommerce.testcases.Login.login()'><b>login</b><br>Test class: org.luma.ecommerce.testcases.Login<br>Parameters: carlpenet123@gmail.com, Ashafj11!</td>
<td></td>
<td>6</td>
<td>org.luma.ecommerce.testcases.Login@265adfad</td></tr>
<tr>
<td title='org.luma.ecommerce.testcases.Sales_Purchase.sales_purchase_flow()'><b>sales_purchase_flow</b><br>Test class: org.luma.ecommerce.testcases.Sales_Purchase</td>
<td></td>
<td>32</td>
<td>org.luma.ecommerce.testcases.Sales_Purchase@64a40280</td></tr>
<tr>
<td title='org.luma.ecommerce.testcases.E2EPurchase.purchaseFlow()'><b>purchaseFlow</b><br>Test class: org.luma.ecommerce.testcases.E2EPurchase</td>
<td></td>
<td>32</td>
<td>org.luma.ecommerce.testcases.E2EPurchase@3d3e5463</td></tr>
<tr>
<td title='org.luma.ecommerce.testcases.Login.login()'><b>login</b><br>Test class: org.luma.ecommerce.testcases.Login<br>Parameters: ashafj11@gmail.com, Ashafj11!</td>
<td></td>
<td>7</td>
<td>org.luma.ecommerce.testcases.Login@265adfad</td></tr>
</table><p>
<table width='100%' border='1' class='invocation-skipped'>
<tr><td colspan='4' align='center'><b>SKIPPED TESTS</b></td></tr>
<tr><td><b>Test method</b></td>
<td width="30%"><b>Exception</b></td>
<td width="10%"><b>Time (seconds)</b></td>
<td><b>Instance</b></td>
</tr>
<tr>
<td title='org.luma.ecommerce.testcases.E2EPurchase.purchaseFlow()'><b>purchaseFlow</b><br>Test class: org.luma.ecommerce.testcases.E2EPurchase</td>
<td><div><pre>org.openqa.selenium.ElementClickInterceptedException: element click intercepted: Element &lt;input type=&quot;radio&quot; class=&quot;radio&quot; data-bind=&quot;attr: {&apos;aria-labelledby&apos;: &apos;label_method_&apos; + method.method_code + &apos;_&apos; + method.carrier_code + &apos; &apos; + &apos;label_carrier_&apos; + method.method_code + &apos;_&apos; + method.carrier_code,
                    &apos;checked&apos;: element.rates().length == 1 || element.isSelected}, value: method.carrier_code + &apos;_&apos; + method.method_code, checked: element.isSelected&quot; aria-labelledby=&quot;label_method_flatrate_flatrate label_carrier_flatrate_flatrate&quot; value=&quot;flatrate_flatrate&quot; name=&quot;ko_unique_1&quot;&gt; is not clickable at point (178, 557). Other element would receive the click: &lt;div class=&quot;shipping-address-item selected-item&quot; data-bind=&quot;css: {&apos;selected-item&apos; : isSelected() , &apos;not-selected-item&apos;:!isSelected()}&quot;&gt;...&lt;/div&gt;
  (Session info: chrome=120.0.6099.225)
Build info: version: &apos;4.13.0&apos;, revision: &apos;ba948ece5b*&apos;
System info: os.name: &apos;Windows 10&apos;, os.arch: &apos;amd64&apos;, os.version: &apos;10.0&apos;, java.version: &apos;16.0.1&apos;
Driver info: org.openqa.selenium.chrome.ChromeDriver
Command: [ae50bd5016e4ca521fef136816eb88fc, clickElement {id=D4B3EBEA940FD2D70EBBA8E03B03C09E_element_227}]
Capabilities {acceptInsecureCerts: false, browserName: chrome, browserVersion: 120.0.6099.225, chrome: {chromedriverVersion: 120.0.6099.109 (3419140ab66..., userDataDir: C:\Users\ASUSX7~1\AppData\L...}, fedcm:accounts: true, goog:chromeOptions: {debuggerAddress: localhost:54787}, networkConnectionEnabled: false, pageLoadStrategy: normal, platformName: windows, proxy: Proxy(), se:cdp: ws://localhost:54787/devtoo..., se:cdpVersion: 120.0.6099.225, setWindowRect: true, strictFileInteractability: false, timeouts: {implicit: 0, pageLoad: 300000, script: 30000}, unhandledPromptBehavior: dismiss and notify, webauthn:extension:credBlob: true, webauthn:extension:largeBlob: true, webauthn:extension:minPinLength: true, webauthn:extension:prf: true, webauthn:virtualAuthenticators: true}
Element: [[ChromeDriver: chrome on windows (ae50bd5016e4ca521fef136816eb88fc)] -&gt; xpath: //table[@class=&apos;table-checkout-shipping-method&apos;]//input[@name=&apos;ko_unique_1&apos;]]
Session ID: ae50bd5016e4ca521fef136816eb88fc
	at org.openqa.selenium.remote.codec.w3c.W3CHttpResponseCodec.createException(W3CHttpResponseCodec.java:200)
	at org.openqa.selenium.remote.codec.w3c.W3CHttpResponseCodec.decode(W3CHttpResponseCodec.java:133)
	at org.openqa.selenium.remote.codec.w3c.W3CHttpResponseCodec.decode(W3CHttpResponseCodec.java:52)
	at org.openqa.selenium.remote.HttpCommandExecutor.execute(HttpCommandExecutor.java:191)
	at org.openqa.selenium.remote.service.DriverCommandExecutor.invokeExecute(DriverCommandExecutor.java:196)
	at org.openqa.selenium.remote.service.DriverCommandExecutor.execute(DriverCommandExecutor.java:171)
	at org.openqa.selenium.remote.RemoteWebDriver.execute(RemoteWebDriver.java:602)
	at org.openqa.selenium.remote.RemoteWebElement.execute(RemoteWebElement.java:224)
	at org.openqa.selenium.remote.RemoteWebElement.click(RemoteWebElement.java:77)
	at org.openqa.selenium.support.pagefactory.internal.LocatingElementHandler.invoke(LocatingElementHandler.java:51)
	at jdk.proxy2/jdk.proxy2.$Proxy19.click(Unknown Source)
	at org.luma.ecommerce.pages.AddressPage.shippingMethods(AddressPage.java:36)
	at org.luma.ecommerce.testcases.E2EPurchase.purchaseFlow(E2EPurchase.java:38)
	at java.base/java.util.ArrayList.forEach(ArrayList.java:1511)
... Removed 36 stack frames</pre></div><a href='#' onClick='toggleBox("stack-trace1021786447", this, "Click to show all stack frames", "Click to hide stack frames")'>Click to show all stack frames</a>
<div class='stack-trace' id='stack-trace1021786447'><pre>org.openqa.selenium.ElementClickInterceptedException: element click intercepted: Element &lt;input type=&quot;radio&quot; class=&quot;radio&quot; data-bind=&quot;attr: {&apos;aria-labelledby&apos;: &apos;label_method_&apos; + method.method_code + &apos;_&apos; + method.carrier_code + &apos; &apos; + &apos;label_carrier_&apos; + method.method_code + &apos;_&apos; + method.carrier_code,
                    &apos;checked&apos;: element.rates().length == 1 || element.isSelected}, value: method.carrier_code + &apos;_&apos; + method.method_code, checked: element.isSelected&quot; aria-labelledby=&quot;label_method_flatrate_flatrate label_carrier_flatrate_flatrate&quot; value=&quot;flatrate_flatrate&quot; name=&quot;ko_unique_1&quot;&gt; is not clickable at point (178, 557). Other element would receive the click: &lt;div class=&quot;shipping-address-item selected-item&quot; data-bind=&quot;css: {&apos;selected-item&apos; : isSelected() , &apos;not-selected-item&apos;:!isSelected()}&quot;&gt;...&lt;/div&gt;
  (Session info: chrome=120.0.6099.225)
Build info: version: &apos;4.13.0&apos;, revision: &apos;ba948ece5b*&apos;
System info: os.name: &apos;Windows 10&apos;, os.arch: &apos;amd64&apos;, os.version: &apos;10.0&apos;, java.version: &apos;16.0.1&apos;
Driver info: org.openqa.selenium.chrome.ChromeDriver
Command: [ae50bd5016e4ca521fef136816eb88fc, clickElement {id=D4B3EBEA940FD2D70EBBA8E03B03C09E_element_227}]
Capabilities {acceptInsecureCerts: false, browserName: chrome, browserVersion: 120.0.6099.225, chrome: {chromedriverVersion: 120.0.6099.109 (3419140ab66..., userDataDir: C:\Users\ASUSX7~1\AppData\L...}, fedcm:accounts: true, goog:chromeOptions: {debuggerAddress: localhost:54787}, networkConnectionEnabled: false, pageLoadStrategy: normal, platformName: windows, proxy: Proxy(), se:cdp: ws://localhost:54787/devtoo..., se:cdpVersion: 120.0.6099.225, setWindowRect: true, strictFileInteractability: false, timeouts: {implicit: 0, pageLoad: 300000, script: 30000}, unhandledPromptBehavior: dismiss and notify, webauthn:extension:credBlob: true, webauthn:extension:largeBlob: true, webauthn:extension:minPinLength: true, webauthn:extension:prf: true, webauthn:virtualAuthenticators: true}
Element: [[ChromeDriver: chrome on windows (ae50bd5016e4ca521fef136816eb88fc)] -&gt; xpath: //table[@class=&apos;table-checkout-shipping-method&apos;]//input[@name=&apos;ko_unique_1&apos;]]
Session ID: ae50bd5016e4ca521fef136816eb88fc
	at java.base/jdk.internal.reflect.NativeConstructorAccessorImpl.newInstance0(Native Method)
	at java.base/jdk.internal.reflect.NativeConstructorAccessorImpl.newInstance(NativeConstructorAccessorImpl.java:78)
	at java.base/jdk.internal.reflect.DelegatingConstructorAccessorImpl.newInstance(DelegatingConstructorAccessorImpl.java:45)
	at java.base/java.lang.reflect.Constructor.newInstanceWithCaller(Constructor.java:499)
	at java.base/java.lang.reflect.Constructor.newInstance(Constructor.java:480)
	at org.openqa.selenium.remote.codec.w3c.W3CHttpResponseCodec.createException(W3CHttpResponseCodec.java:200)
	at org.openqa.selenium.remote.codec.w3c.W3CHttpResponseCodec.decode(W3CHttpResponseCodec.java:133)
	at org.openqa.selenium.remote.codec.w3c.W3CHttpResponseCodec.decode(W3CHttpResponseCodec.java:52)
	at org.openqa.selenium.remote.HttpCommandExecutor.execute(HttpCommandExecutor.java:191)
	at org.openqa.selenium.remote.service.DriverCommandExecutor.invokeExecute(DriverCommandExecutor.java:196)
	at org.openqa.selenium.remote.service.DriverCommandExecutor.execute(DriverCommandExecutor.java:171)
	at org.openqa.selenium.remote.RemoteWebDriver.execute(RemoteWebDriver.java:602)
	at org.openqa.selenium.remote.RemoteWebElement.execute(RemoteWebElement.java:224)
	at org.openqa.selenium.remote.RemoteWebElement.click(RemoteWebElement.java:77)
	at java.base/jdk.internal.reflect.NativeMethodAccessorImpl.invoke0(Native Method)
	at java.base/jdk.internal.reflect.NativeMethodAccessorImpl.invoke(NativeMethodAccessorImpl.java:78)
	at java.base/jdk.internal.reflect.DelegatingMethodAccessorImpl.invoke(DelegatingMethodAccessorImpl.java:43)
	at java.base/java.lang.reflect.Method.invoke(Method.java:567)
	at org.openqa.selenium.support.pagefactory.internal.LocatingElementHandler.invoke(LocatingElementHandler.java:51)
	at jdk.proxy2/jdk.proxy2.$Proxy19.click(Unknown Source)
	at org.luma.ecommerce.pages.AddressPage.shippingMethods(AddressPage.java:36)
	at org.luma.ecommerce.testcases.E2EPurchase.purchaseFlow(E2EPurchase.java:38)
	at java.base/jdk.internal.reflect.NativeMethodAccessorImpl.invoke0(Native Method)
	at java.base/jdk.internal.reflect.NativeMethodAccessorImpl.invoke(NativeMethodAccessorImpl.java:78)
	at java.base/jdk.internal.reflect.DelegatingMethodAccessorImpl.invoke(DelegatingMethodAccessorImpl.java:43)
	at java.base/java.lang.reflect.Method.invoke(Method.java:567)
	at org.testng.internal.MethodInvocationHelper.invokeMethod(MethodInvocationHelper.java:133)
	at org.testng.internal.TestInvoker.invokeMethod(TestInvoker.java:598)
	at org.testng.internal.TestInvoker.invokeTestMethod(TestInvoker.java:173)
	at org.testng.internal.MethodRunner.runInSequence(MethodRunner.java:46)
	at org.testng.internal.TestInvoker$MethodInvocationAgent.invoke(TestInvoker.java:824)
	at org.testng.internal.TestInvoker.invokeTestMethods(TestInvoker.java:146)
	at org.testng.internal.TestMethodWorker.invokeTestMethods(TestMethodWorker.java:146)
	at org.testng.internal.TestMethodWorker.run(TestMethodWorker.java:128)
	at java.base/java.util.ArrayList.forEach(ArrayList.java:1511)
	at org.testng.TestRunner.privateRun(TestRunner.java:794)
	at org.testng.TestRunner.run(TestRunner.java:596)
	at org.testng.SuiteRunner.runTest(SuiteRunner.java:377)
	at org.testng.SuiteRunner.runSequentially(SuiteRunner.java:371)
	at org.testng.SuiteRunner.privateRun(SuiteRunner.java:332)
	at org.testng.SuiteRunner.run(SuiteRunner.java:276)
	at org.testng.SuiteRunnerWorker.runSuite(SuiteRunnerWorker.java:53)
	at org.testng.SuiteRunnerWorker.run(SuiteRunnerWorker.java:96)
	at org.testng.TestNG.runSuitesSequentially(TestNG.java:1212)
	at org.testng.TestNG.runSuitesLocally(TestNG.java:1134)
	at org.testng.TestNG.runSuites(TestNG.java:1063)
	at org.testng.TestNG.run(TestNG.java:1031)
	at org.testng.remote.AbstractRemoteTestNG.run(AbstractRemoteTestNG.java:115)
	at org.testng.remote.RemoteTestNG.initAndRun(RemoteTestNG.java:251)
	at org.testng.remote.RemoteTestNG.main(RemoteTestNG.java:77)
</pre></div></td>
<td>26</td>
<td>org.luma.ecommerce.testcases.E2EPurchase@3d3e5463</td></tr>
</table><p>
</body>
</html>