<?xml version="1.0" encoding="UTF-8"?>
<testng-results skipped="0" failed="0" ignored="0" retried="2" total="6" passed="4">
  <reporter-output>
  </reporter-output>
  <suite name="Suite" duration-ms="162639" started-at="2023-11-17T23:00:09 PST" finished-at="2023-11-17T23:02:51 PST">
    <groups>
      <group name="smoke">
        <method signature="Login.login(java.lang.String,java.lang.String)[pri:0, instance:org.luma.ecommerce.testcases.Login@6a192cfe]" name="login" class="org.luma.ecommerce.testcases.Login"/>
      </group> <!-- smoke -->
    </groups>
    <test name="Test" duration-ms="162639" started-at="2023-11-17T23:00:09 PST" finished-at="2023-11-17T23:02:51 PST">
      <class name="org.luma.ecommerce.testcases.E2EPurchase">
        <test-method status="PASS" signature="launchApplication()[pri:0, instance:org.luma.ecommerce.testcases.E2EPurchase@5119fb47]" name="launchApplication" is-config="true" duration-ms="41771" started-at="2023-11-17T23:00:09 PST" finished-at="2023-11-17T23:00:50 PST">
          <reporter-output>
          </reporter-output>
        </test-method> <!-- launchApplication -->
        <test-method status="SKIP" signature="purchaseFlow()[pri:0, instance:org.luma.ecommerce.testcases.E2EPurchase@5119fb47]" name="purchaseFlow" duration-ms="49498" retried="true" started-at="2023-11-17T23:00:50 PST" finished-at="2023-11-17T23:01:40 PST">
          <exception class="org.openqa.selenium.NoSuchElementException">
            <message>
              <![CDATA[no such element: Unable to locate element: {"method":"xpath","selector":"//table[@class='table-checkout-shipping-method']//input[@name='ko_unique_1']"}
  (Session info: MicrosoftEdge=119.0.2151.72)
For documentation on this error, please visit: https://www.selenium.dev/documentation/webdriver/troubleshooting/errors#no-such-element-exception
Build info: version: '4.13.0', revision: 'ba948ece5b*'
System info: os.name: 'Windows 10', os.arch: 'amd64', os.version: '10.0', java.version: '1.8.0_271'
Driver info: org.openqa.selenium.edge.EdgeDriver
Command: [802f6b781bc80d4e8dacd82f2d008d53, findElement {using=xpath, value=//table[@class='table-checkout-shipping-method']//input[@name='ko_unique_1']}]
Capabilities {acceptInsecureCerts: false, browserName: msedge, browserVersion: 119.0.2151.72, fedcm:accounts: true, ms:edgeOptions: {debuggerAddress: localhost:51918}, msedge: {msedgedriverVersion: 119.0.2151.72 (e8225cce8e47..., userDataDir: C:\Users\ASUSX7~1\AppData\L...}, networkConnectionEnabled: false, pageLoadStrategy: normal, platformName: windows, proxy: Proxy(), se:cdp: ws://localhost:51918/devtoo..., se:cdpVersion: 119.0.2151.72, setWindowRect: true, strictFileInteractability: false, timeouts: {implicit: 0, pageLoad: 300000, script: 30000}, unhandledPromptBehavior: dismiss and notify, webauthn:extension:credBlob: true, webauthn:extension:largeBlob: true, webauthn:extension:minPinLength: true, webauthn:extension:prf: true, webauthn:virtualAuthenticators: true}
Session ID: 802f6b781bc80d4e8dacd82f2d008d53]]>
            </message>
            <full-stacktrace>
              <![CDATA[org.openqa.selenium.NoSuchElementException: no such element: Unable to locate element: {"method":"xpath","selector":"//table[@class='table-checkout-shipping-method']//input[@name='ko_unique_1']"}
  (Session info: MicrosoftEdge=119.0.2151.72)
For documentation on this error, please visit: https://www.selenium.dev/documentation/webdriver/troubleshooting/errors#no-such-element-exception
Build info: version: '4.13.0', revision: 'ba948ece5b*'
System info: os.name: 'Windows 10', os.arch: 'amd64', os.version: '10.0', java.version: '1.8.0_271'
Driver info: org.openqa.selenium.edge.EdgeDriver
Command: [802f6b781bc80d4e8dacd82f2d008d53, findElement {using=xpath, value=//table[@class='table-checkout-shipping-method']//input[@name='ko_unique_1']}]
Capabilities {acceptInsecureCerts: false, browserName: msedge, browserVersion: 119.0.2151.72, fedcm:accounts: true, ms:edgeOptions: {debuggerAddress: localhost:51918}, msedge: {msedgedriverVersion: 119.0.2151.72 (e8225cce8e47..., userDataDir: C:\Users\ASUSX7~1\AppData\L...}, networkConnectionEnabled: false, pageLoadStrategy: normal, platformName: windows, proxy: Proxy(), se:cdp: ws://localhost:51918/devtoo..., se:cdpVersion: 119.0.2151.72, setWindowRect: true, strictFileInteractability: false, timeouts: {implicit: 0, pageLoad: 300000, script: 30000}, unhandledPromptBehavior: dismiss and notify, webauthn:extension:credBlob: true, webauthn:extension:largeBlob: true, webauthn:extension:minPinLength: true, webauthn:extension:prf: true, webauthn:virtualAuthenticators: true}
Session ID: 802f6b781bc80d4e8dacd82f2d008d53
at sun.reflect.NativeConstructorAccessorImpl.newInstance0(Native Method)
at sun.reflect.NativeConstructorAccessorImpl.newInstance(Unknown Source)
at sun.reflect.DelegatingConstructorAccessorImpl.newInstance(Unknown Source)
at java.lang.reflect.Constructor.newInstance(Unknown Source)
at org.openqa.selenium.remote.codec.w3c.W3CHttpResponseCodec.createException(W3CHttpResponseCodec.java:200)
at org.openqa.selenium.remote.codec.w3c.W3CHttpResponseCodec.decode(W3CHttpResponseCodec.java:133)
at org.openqa.selenium.remote.codec.w3c.W3CHttpResponseCodec.decode(W3CHttpResponseCodec.java:52)
at org.openqa.selenium.remote.HttpCommandExecutor.execute(HttpCommandExecutor.java:191)
at org.openqa.selenium.remote.service.DriverCommandExecutor.invokeExecute(DriverCommandExecutor.java:196)
at org.openqa.selenium.remote.service.DriverCommandExecutor.execute(DriverCommandExecutor.java:171)
at org.openqa.selenium.remote.RemoteWebDriver.execute(RemoteWebDriver.java:602)
at org.openqa.selenium.remote.ElementLocation$ElementFinder$2.findElement(ElementLocation.java:165)
at org.openqa.selenium.remote.ElementLocation.findElement(ElementLocation.java:59)
at org.openqa.selenium.remote.RemoteWebDriver.findElement(RemoteWebDriver.java:359)
at org.openqa.selenium.remote.RemoteWebDriver.findElement(RemoteWebDriver.java:353)
at org.openqa.selenium.support.pagefactory.DefaultElementLocator.findElement(DefaultElementLocator.java:68)
at org.openqa.selenium.support.pagefactory.internal.LocatingElementHandler.invoke(LocatingElementHandler.java:38)
at com.sun.proxy.$Proxy14.click(Unknown Source)
at org.luma.ecommerce.pages.AddressPage.shippingMethods(AddressPage.java:36)
at org.luma.ecommerce.testcases.E2EPurchase.purchaseFlow(E2EPurchase.java:39)
at sun.reflect.NativeMethodAccessorImpl.invoke0(Native Method)
at sun.reflect.NativeMethodAccessorImpl.invoke(Unknown Source)
at sun.reflect.DelegatingMethodAccessorImpl.invoke(Unknown Source)
at java.lang.reflect.Method.invoke(Unknown Source)
at org.testng.internal.MethodInvocationHelper.invokeMethod(MethodInvocationHelper.java:133)
at org.testng.internal.TestInvoker.invokeMethod(TestInvoker.java:598)
at org.testng.internal.TestInvoker.invokeTestMethod(TestInvoker.java:173)
at org.testng.internal.MethodRunner.runInSequence(MethodRunner.java:46)
at org.testng.internal.TestInvoker$MethodInvocationAgent.invoke(TestInvoker.java:824)
at org.testng.internal.TestInvoker.invokeTestMethods(TestInvoker.java:146)
at org.testng.internal.TestMethodWorker.invokeTestMethods(TestMethodWorker.java:146)
at org.testng.internal.TestMethodWorker.run(TestMethodWorker.java:128)
at java.util.concurrent.ThreadPoolExecutor.runWorker(Unknown Source)
at java.util.concurrent.ThreadPoolExecutor$Worker.run(Unknown Source)
at java.lang.Thread.run(Unknown Source)
]]>
            </full-stacktrace>
          </exception> <!-- org.openqa.selenium.NoSuchElementException -->
          <reporter-output>
          </reporter-output>
        </test-method> <!-- purchaseFlow -->
        <test-method status="PASS" signature="tearDown()[pri:0, instance:org.luma.ecommerce.testcases.E2EPurchase@5119fb47]" name="tearDown" is-config="true" duration-ms="3899" started-at="2023-11-17T23:01:40 PST" finished-at="2023-11-17T23:01:44 PST">
          <reporter-output>
          </reporter-output>
        </test-method> <!-- tearDown -->
        <test-method status="PASS" signature="launchApplication()[pri:0, instance:org.luma.ecommerce.testcases.E2EPurchase@5119fb47]" name="launchApplication" is-config="true" duration-ms="20913" started-at="2023-11-17T23:01:44 PST" finished-at="2023-11-17T23:02:05 PST">
          <reporter-output>
          </reporter-output>
        </test-method> <!-- launchApplication -->
        <test-method status="SKIP" signature="purchaseFlow()[pri:0, instance:org.luma.ecommerce.testcases.E2EPurchase@5119fb47]" name="purchaseFlow" duration-ms="7286" retried="true" started-at="2023-11-17T23:02:05 PST" finished-at="2023-11-17T23:02:12 PST">
          <exception class="org.openqa.selenium.ElementNotInteractableException">
            <message>
              <![CDATA[element not interactable: [object HTMLSpanElement] has no size and location
  (Session info: MicrosoftEdge=119.0.2151.72)
Build info: version: '4.13.0', revision: 'ba948ece5b*'
System info: os.name: 'Windows 10', os.arch: 'amd64', os.version: '10.0', java.version: '1.8.0_271'
Driver info: org.openqa.selenium.edge.EdgeDriver
Command: [1ed5e25d1e0465b8533d9f8314c3291b, actions {actions=[org.openqa.selenium.interactions.Sequence@33929d33]}]
Capabilities {acceptInsecureCerts: false, browserName: msedge, browserVersion: 119.0.2151.72, fedcm:accounts: true, ms:edgeOptions: {debuggerAddress: localhost:52177}, msedge: {msedgedriverVersion: 119.0.2151.72 (e8225cce8e47..., userDataDir: C:\Users\ASUSX7~1\AppData\L...}, networkConnectionEnabled: false, pageLoadStrategy: normal, platformName: windows, proxy: Proxy(), se:cdp: ws://localhost:52177/devtoo..., se:cdpVersion: 119.0.2151.72, setWindowRect: true, strictFileInteractability: false, timeouts: {implicit: 0, pageLoad: 300000, script: 30000}, unhandledPromptBehavior: dismiss and notify, webauthn:extension:credBlob: true, webauthn:extension:largeBlob: true, webauthn:extension:minPinLength: true, webauthn:extension:prf: true, webauthn:virtualAuthenticators: true}
Session ID: 1ed5e25d1e0465b8533d9f8314c3291b]]>
            </message>
            <full-stacktrace>
              <![CDATA[org.openqa.selenium.ElementNotInteractableException: element not interactable: [object HTMLSpanElement] has no size and location
  (Session info: MicrosoftEdge=119.0.2151.72)
Build info: version: '4.13.0', revision: 'ba948ece5b*'
System info: os.name: 'Windows 10', os.arch: 'amd64', os.version: '10.0', java.version: '1.8.0_271'
Driver info: org.openqa.selenium.edge.EdgeDriver
Command: [1ed5e25d1e0465b8533d9f8314c3291b, actions {actions=[org.openqa.selenium.interactions.Sequence@33929d33]}]
Capabilities {acceptInsecureCerts: false, browserName: msedge, browserVersion: 119.0.2151.72, fedcm:accounts: true, ms:edgeOptions: {debuggerAddress: localhost:52177}, msedge: {msedgedriverVersion: 119.0.2151.72 (e8225cce8e47..., userDataDir: C:\Users\ASUSX7~1\AppData\L...}, networkConnectionEnabled: false, pageLoadStrategy: normal, platformName: windows, proxy: Proxy(), se:cdp: ws://localhost:52177/devtoo..., se:cdpVersion: 119.0.2151.72, setWindowRect: true, strictFileInteractability: false, timeouts: {implicit: 0, pageLoad: 300000, script: 30000}, unhandledPromptBehavior: dismiss and notify, webauthn:extension:credBlob: true, webauthn:extension:largeBlob: true, webauthn:extension:minPinLength: true, webauthn:extension:prf: true, webauthn:virtualAuthenticators: true}
Session ID: 1ed5e25d1e0465b8533d9f8314c3291b
at sun.reflect.NativeConstructorAccessorImpl.newInstance0(Native Method)
at sun.reflect.NativeConstructorAccessorImpl.newInstance(Unknown Source)
at sun.reflect.DelegatingConstructorAccessorImpl.newInstance(Unknown Source)
at java.lang.reflect.Constructor.newInstance(Unknown Source)
at org.openqa.selenium.remote.codec.w3c.W3CHttpResponseCodec.createException(W3CHttpResponseCodec.java:200)
at org.openqa.selenium.remote.codec.w3c.W3CHttpResponseCodec.decode(W3CHttpResponseCodec.java:133)
at org.openqa.selenium.remote.codec.w3c.W3CHttpResponseCodec.decode(W3CHttpResponseCodec.java:52)
at org.openqa.selenium.remote.HttpCommandExecutor.execute(HttpCommandExecutor.java:191)
at org.openqa.selenium.remote.service.DriverCommandExecutor.invokeExecute(DriverCommandExecutor.java:196)
at org.openqa.selenium.remote.service.DriverCommandExecutor.execute(DriverCommandExecutor.java:171)
at org.openqa.selenium.remote.RemoteWebDriver.execute(RemoteWebDriver.java:602)
at org.openqa.selenium.remote.RemoteWebDriver.perform(RemoteWebDriver.java:688)
at org.openqa.selenium.interactions.Actions$BuiltAction.perform(Actions.java:605)
at org.luma.ecommerce.base.Common.actionsBuild(Common.java:36)
at org.luma.ecommerce.pages.ProductsMenuPage.clothCategories(ProductsMenuPage.java:40)
at org.luma.ecommerce.testcases.E2EPurchase.purchaseFlow(E2EPurchase.java:25)
at sun.reflect.NativeMethodAccessorImpl.invoke0(Native Method)
at sun.reflect.NativeMethodAccessorImpl.invoke(Unknown Source)
at sun.reflect.DelegatingMethodAccessorImpl.invoke(Unknown Source)
at java.lang.reflect.Method.invoke(Unknown Source)
at org.testng.internal.MethodInvocationHelper.invokeMethod(MethodInvocationHelper.java:133)
at org.testng.internal.TestInvoker.invokeMethod(TestInvoker.java:598)
at org.testng.internal.TestInvoker.retryFailed(TestInvoker.java:213)
at org.testng.internal.MethodRunner.runInSequence(MethodRunner.java:58)
at org.testng.internal.TestInvoker$MethodInvocationAgent.invoke(TestInvoker.java:824)
at org.testng.internal.TestInvoker.invokeTestMethods(TestInvoker.java:146)
at org.testng.internal.TestMethodWorker.invokeTestMethods(TestMethodWorker.java:146)
at org.testng.internal.TestMethodWorker.run(TestMethodWorker.java:128)
at java.util.concurrent.ThreadPoolExecutor.runWorker(Unknown Source)
at java.util.concurrent.ThreadPoolExecutor$Worker.run(Unknown Source)
at java.lang.Thread.run(Unknown Source)
]]>
            </full-stacktrace>
          </exception> <!-- org.openqa.selenium.ElementNotInteractableException -->
          <reporter-output>
          </reporter-output>
        </test-method> <!-- purchaseFlow -->
        <test-method status="PASS" signature="tearDown()[pri:0, instance:org.luma.ecommerce.testcases.E2EPurchase@5119fb47]" name="tearDown" is-config="true" duration-ms="1584" started-at="2023-11-17T23:02:12 PST" finished-at="2023-11-17T23:02:14 PST">
          <reporter-output>
          </reporter-output>
        </test-method> <!-- tearDown -->
        <test-method status="PASS" signature="launchApplication()[pri:0, instance:org.luma.ecommerce.testcases.E2EPurchase@5119fb47]" name="launchApplication" is-config="true" duration-ms="11274" started-at="2023-11-17T23:02:14 PST" finished-at="2023-11-17T23:02:25 PST">
          <reporter-output>
          </reporter-output>
        </test-method> <!-- launchApplication -->
        <test-method status="PASS" signature="purchaseFlow()[pri:0, instance:org.luma.ecommerce.testcases.E2EPurchase@5119fb47]" name="purchaseFlow" duration-ms="24969" started-at="2023-11-17T23:02:25 PST" finished-at="2023-11-17T23:02:50 PST">
          <reporter-output>
          </reporter-output>
        </test-method> <!-- purchaseFlow -->
        <test-method status="PASS" signature="tearDown()[pri:0, instance:org.luma.ecommerce.testcases.E2EPurchase@5119fb47]" name="tearDown" is-config="true" duration-ms="1233" started-at="2023-11-17T23:02:50 PST" finished-at="2023-11-17T23:02:51 PST">
          <reporter-output>
          </reporter-output>
        </test-method> <!-- tearDown -->
      </class> <!-- org.luma.ecommerce.testcases.E2EPurchase -->
      <class name="org.luma.ecommerce.testcases.Login">
        <test-method status="PASS" signature="launchApplication()[pri:0, instance:org.luma.ecommerce.testcases.Login@6a192cfe]" name="launchApplication" is-config="true" duration-ms="42892" started-at="2023-11-17T23:00:09 PST" finished-at="2023-11-17T23:00:52 PST">
          <reporter-output>
          </reporter-output>
        </test-method> <!-- launchApplication -->
        <test-method status="PASS" signature="login(java.lang.String,java.lang.String)[pri:0, instance:org.luma.ecommerce.testcases.Login@6a192cfe]" name="login" duration-ms="23002" started-at="2023-11-17T23:00:52 PST" data-provider="loginData" finished-at="2023-11-17T23:01:15 PST">
          <params>
            <param index="0">
              <value>
                <![CDATA[ashafj11@gmail.com]]>
              </value>
            </param>
            <param index="1">
              <value>
                <![CDATA[Ashafj11!]]>
              </value>
            </param>
          </params>
          <reporter-output>
          </reporter-output>
        </test-method> <!-- login -->
        <test-method status="PASS" signature="tearDown()[pri:0, instance:org.luma.ecommerce.testcases.Login@6a192cfe]" name="tearDown" is-config="true" duration-ms="11105" started-at="2023-11-17T23:01:15 PST" finished-at="2023-11-17T23:01:26 PST">
          <reporter-output>
          </reporter-output>
        </test-method> <!-- tearDown -->
        <test-method status="PASS" signature="launchApplication()[pri:0, instance:org.luma.ecommerce.testcases.Login@6a192cfe]" name="launchApplication" is-config="true" duration-ms="22196" started-at="2023-11-17T23:01:26 PST" finished-at="2023-11-17T23:01:48 PST">
          <reporter-output>
          </reporter-output>
        </test-method> <!-- launchApplication -->
        <test-method status="PASS" signature="login(java.lang.String,java.lang.String)[pri:0, instance:org.luma.ecommerce.testcases.Login@6a192cfe]" name="login" duration-ms="9602" started-at="2023-11-17T23:01:48 PST" data-provider="loginData" finished-at="2023-11-17T23:01:58 PST">
          <params>
            <param index="0">
              <value>
                <![CDATA[carlpenet123@gmail.com]]>
              </value>
            </param>
            <param index="1">
              <value>
                <![CDATA[Ashafj11!]]>
              </value>
            </param>
          </params>
          <reporter-output>
          </reporter-output>
        </test-method> <!-- login -->
        <test-method status="PASS" signature="tearDown()[pri:0, instance:org.luma.ecommerce.testcases.Login@6a192cfe]" name="tearDown" is-config="true" duration-ms="3030" started-at="2023-11-17T23:01:59 PST" finished-at="2023-11-17T23:02:02 PST">
          <reporter-output>
          </reporter-output>
        </test-method> <!-- tearDown -->
      </class> <!-- org.luma.ecommerce.testcases.Login -->
      <class name="org.luma.ecommerce.testcases.Negative_Validation">
        <test-method status="PASS" signature="launchApplication()[pri:0, instance:org.luma.ecommerce.testcases.Negative_Validation@3911c2a7]" name="launchApplication" is-config="true" duration-ms="39170" started-at="2023-11-17T23:00:09 PST" finished-at="2023-11-17T23:00:48 PST">
          <reporter-output>
          </reporter-output>
        </test-method> <!-- launchApplication -->
        <test-method status="PASS" signature="loginNegative_Validation()[pri:0, instance:org.luma.ecommerce.testcases.Negative_Validation@3911c2a7]" name="loginNegative_Validation" duration-ms="24802" started-at="2023-11-17T23:00:48 PST" finished-at="2023-11-17T23:01:13 PST">
          <reporter-output>
          </reporter-output>
        </test-method> <!-- loginNegative_Validation -->
        <test-method status="PASS" signature="tearDown()[pri:0, instance:org.luma.ecommerce.testcases.Negative_Validation@3911c2a7]" name="tearDown" is-config="true" duration-ms="11668" started-at="2023-11-17T23:01:14 PST" finished-at="2023-11-17T23:01:25 PST">
          <reporter-output>
          </reporter-output>
        </test-method> <!-- tearDown -->
      </class> <!-- org.luma.ecommerce.testcases.Negative_Validation -->
    </test> <!-- Test -->
  </suite> <!-- Suite -->
</testng-results>
